<?xml version="1.0" encoding="UTF-8"?>
<testng-results ignored="0" total="2" passed="2" failed="0" skipped="0">
  <reporter-output>
  </reporter-output>
  <suite started-at="2024-09-27T10:51:13 IST" name="Default suite" finished-at="2024-09-27T10:51:26 IST" duration-ms="12609">
    <groups>
    </groups>
    <test started-at="2024-09-27T10:51:13 IST" name="Default test" finished-at="2024-09-27T10:51:26 IST" duration-ms="12609">
      <class name="tests.GetAndPost">
        <test-method signature="testGet()[pri:0, instance:tests.GetAndPost@4cc451f2]" started-at="2024-09-27T10:51:13 IST" name="testGet" finished-at="2024-09-27T10:51:25 IST" duration-ms="12401" status="PASS">
          <reporter-output>
          </reporter-output>
        </test-method> <!-- testGet -->
        <test-method signature="testPost()[pri:0, instance:tests.GetAndPost@4cc451f2]" started-at="2024-09-27T10:51:25 IST" name="testPost" finished-at="2024-09-27T10:51:25 IST" duration-ms="7" status="PASS">
          <reporter-output>
          </reporter-output>
        </test-method> <!-- testPost -->
      </class> <!-- tests.GetAndPost -->
    </test> <!-- Default test -->
  </suite> <!-- Default suite -->
</testng-results>
